0 info it worked if it ends with ok
1 verbose cli [ 'd:\\Softs\\nodejs\\node.exe',
1 verbose cli   'd:\\Softs\\nodejs\\node_modules\\npm\\bin\\npm-cli.js',
1 verbose cli   'version',
1 verbose cli   'patch' ]
2 info using npm@1.4.23
3 info using node@v0.10.31
4 error version No package.json found
5 error Error: ENOENT, open 'd:\Code\github\ToloFrameWork\package.json'
6 error If you need help, you may report this *entire* log,
6 error including the npm and node versions, at:
6 error     <http://github.com/npm/npm/issues>
7 error System Windows_NT 6.1.7601
8 error command "d:\\Softs\\nodejs\\node.exe" "d:\\Softs\\nodejs\\node_modules\\npm\\bin\\npm-cli.js" "version" "patch"
9 error cwd d:\Code\github\ToloFrameWork
10 error node -v v0.10.31
11 error npm -v 1.4.23
12 error path d:\Code\github\ToloFrameWork\package.json
13 error code ENOENT
14 error errno 34
15 verbose exit [ 34, true ]
